<?xml version="1.0" encoding="UTF-8"?>
<testsuite xmlns:xsi="http://www.w3.org/2001/XMLSchema-instance" xsi:noNamespaceSchemaLocation="https://maven.apache.org/surefire/maven-surefire-plugin/xsd/surefire-test-report-3.0.xsd" version="3.0" name="com.test.FirstTest" time="1.2" tests="4" errors="0" skipped="2" failures="0">
  <properties>
    <property name="gopherProxySet" value="false"/>
    <property name="awt.toolkit" value="sun.lwawt.macosx.LWCToolkit"/>
    <property name="java.specification.version" value="11"/>
    <property name="sun.cpu.isalist" value=""/>
    <property name="sun.jnu.encoding" value="UTF-8"/>
    <property name="java.class.path" value="/Users/ramaraju.polanki/git/devops-e2e/target/test-classes:/Users/ramaraju.polanki/git/devops-e2e/target/classes:/Users/ramaraju.polanki/.m2/repository/junit/junit/4.13/junit-4.13.jar:/Users/ramaraju.polanki/.m2/repository/org/hamcrest/hamcrest-core/1.3/hamcrest-core-1.3.jar:/Users/ramaraju.polanki/.m2/repository/org/testng/testng/7.8.0/testng-7.8.0.jar:/Users/ramaraju.polanki/.m2/repository/org/slf4j/slf4j-api/1.7.36/slf4j-api-1.7.36.jar:/Users/ramaraju.polanki/.m2/repository/com/beust/jcommander/1.82/jcommander-1.82.jar:/Users/ramaraju.polanki/.m2/repository/org/webjars/jquery/3.6.1/jquery-3.6.1.jar:/Users/ramaraju.polanki/.m2/repository/org/sonarsource/scanner/maven/sonar-maven-plugin/3.9.1.2184/sonar-maven-plugin-3.9.1.2184.jar:/Users/ramaraju.polanki/.m2/repository/org/sonatype/plexus/plexus-sec-dispatcher/1.4/plexus-sec-dispatcher-1.4.jar:/Users/ramaraju.polanki/.m2/repository/org/sonatype/plexus/plexus-cipher/1.4/plexus-cipher-1.4.jar:/Users/ramaraju.polanki/.m2/repository/org/codehaus/plexus/plexus-utils/3.2.1/plexus-utils-3.2.1.jar:/Users/ramaraju.polanki/.m2/repository/org/sonarsource/scanner/api/sonar-scanner-api/2.16.2.588/sonar-scanner-api-2.16.2.588.jar:/Users/ramaraju.polanki/.m2/repository/commons-lang/commons-lang/2.6/commons-lang-2.6.jar:"/>
    <property name="java.vm.vendor" value="Homebrew"/>
    <property name="sun.arch.data.model" value="64"/>
    <property name="java.vendor.url" value="https://github.com/Homebrew/homebrew-core/issues"/>
    <property name="user.timezone" value="Asia/Kolkata"/>
    <property name="java.vm.specification.version" value="11"/>
    <property name="os.name" value="Mac OS X"/>
    <property name="sun.java.launcher" value="SUN_STANDARD"/>
    <property name="user.country" value="IN"/>
    <property name="sun.boot.library.path" value="/usr/local/Cellar/openjdk@11/11.0.19/libexec/openjdk.jdk/Contents/Home/lib"/>
    <property name="sun.java.command" value="/Users/ramaraju.polanki/git/devops-e2e/target/surefire/surefirebooter-20230529141707908_3.jar /Users/ramaraju.polanki/git/devops-e2e/target/surefire 2023-05-29T14-17-07_718-jvmRun1 surefire-20230529141707908_1tmp surefire_0-20230529141707908_2tmp"/>
    <property name="jdk.debug" value="release"/>
    <property name="surefire.test.class.path" value="/Users/ramaraju.polanki/git/devops-e2e/target/test-classes:/Users/ramaraju.polanki/git/devops-e2e/target/classes:/Users/ramaraju.polanki/.m2/repository/junit/junit/4.13/junit-4.13.jar:/Users/ramaraju.polanki/.m2/repository/org/hamcrest/hamcrest-core/1.3/hamcrest-core-1.3.jar:/Users/ramaraju.polanki/.m2/repository/org/testng/testng/7.8.0/testng-7.8.0.jar:/Users/ramaraju.polanki/.m2/repository/org/slf4j/slf4j-api/1.7.36/slf4j-api-1.7.36.jar:/Users/ramaraju.polanki/.m2/repository/com/beust/jcommander/1.82/jcommander-1.82.jar:/Users/ramaraju.polanki/.m2/repository/org/webjars/jquery/3.6.1/jquery-3.6.1.jar:/Users/ramaraju.polanki/.m2/repository/org/sonarsource/scanner/maven/sonar-maven-plugin/3.9.1.2184/sonar-maven-plugin-3.9.1.2184.jar:/Users/ramaraju.polanki/.m2/repository/org/sonatype/plexus/plexus-sec-dispatcher/1.4/plexus-sec-dispatcher-1.4.jar:/Users/ramaraju.polanki/.m2/repository/org/sonatype/plexus/plexus-cipher/1.4/plexus-cipher-1.4.jar:/Users/ramaraju.polanki/.m2/repository/org/codehaus/plexus/plexus-utils/3.2.1/plexus-utils-3.2.1.jar:/Users/ramaraju.polanki/.m2/repository/org/sonarsource/scanner/api/sonar-scanner-api/2.16.2.588/sonar-scanner-api-2.16.2.588.jar:/Users/ramaraju.polanki/.m2/repository/commons-lang/commons-lang/2.6/commons-lang-2.6.jar:"/>
    <property name="sun.cpu.endian" value="little"/>
    <property name="user.home" value="/Users/ramaraju.polanki"/>
    <property name="user.language" value="en"/>
    <property name="java.specification.vendor" value="Oracle Corporation"/>
    <property name="java.version.date" value="2023-04-18"/>
    <property name="java.home" value="/usr/local/Cellar/openjdk@11/11.0.19/libexec/openjdk.jdk/Contents/Home"/>
    <property name="file.separator" value="/"/>
    <property name="basedir" value="/Users/ramaraju.polanki/git/devops-e2e"/>
    <property name="java.vm.compressedOopsMode" value="Zero based"/>
    <property name="line.separator" value="&#10;"/>
    <property name="java.specification.name" value="Java Platform API Specification"/>
    <property name="java.vm.specification.vendor" value="Oracle Corporation"/>
    <property name="java.awt.graphicsenv" value="sun.awt.CGraphicsEnvironment"/>
    <property name="surefire.real.class.path" value="/Users/ramaraju.polanki/git/devops-e2e/target/surefire/surefirebooter-20230529141707908_3.jar"/>
    <property name="sun.management.compiler" value="HotSpot 64-Bit Tiered Compilers"/>
    <property name="java.runtime.version" value="11.0.19+0"/>
    <property name="user.name" value="ramaraju.polanki"/>
    <property name="path.separator" value=":"/>
    <property name="os.version" value="13.3.1"/>
    <property name="java.runtime.name" value="OpenJDK Runtime Environment"/>
    <property name="file.encoding" value="UTF-8"/>
    <property name="java.vm.name" value="OpenJDK 64-Bit Server VM"/>
    <property name="java.vendor.version" value="Homebrew"/>
    <property name="localRepository" value="/Users/ramaraju.polanki/.m2/repository"/>
    <property name="java.vendor.url.bug" value="https://github.com/Homebrew/homebrew-core/issues"/>
    <property name="java.io.tmpdir" value="/var/folders/mh/bb2r74r53tsbpk32382j1lmc0000gp/T/"/>
    <property name="java.version" value="11.0.19"/>
    <property name="user.dir" value="/Users/ramaraju.polanki/git/devops-e2e"/>
    <property name="os.arch" value="x86_64"/>
    <property name="java.vm.specification.name" value="Java Virtual Machine Specification"/>
    <property name="java.awt.printerjob" value="sun.lwawt.macosx.CPrinterJob"/>
    <property name="sun.os.patch.level" value="unknown"/>
    <property name="java.library.path" value="/Users/ramaraju.polanki/Library/Java/Extensions:/Library/Java/Extensions:/Network/Library/Java/Extensions:/System/Library/Java/Extensions:/usr/lib/java:."/>
    <property name="java.vm.info" value="mixed mode"/>
    <property name="java.vendor" value="Homebrew"/>
    <property name="java.vm.version" value="11.0.19+0"/>
    <property name="sun.io.unicode.encoding" value="UnicodeBig"/>
    <property name="java.class.version" value="55.0"/>
  </properties>
  <testcase name="falseTest on falseTest(com.test.FirstTest)" classname="com.test.FirstTest" time="0">
    <skipped/>
    <system-err><![CDATA[SLF4J: Failed to load class "org.slf4j.impl.StaticLoggerBinder".
SLF4J: Defaulting to no-operation (NOP) logger implementation
SLF4J: See http://www.slf4j.org/codes.html#StaticLoggerBinder for further details.
]]></system-err>
  </testcase>
  <testcase name="emptyTest on emptyTest(com.test.FirstTest)" classname="com.test.FirstTest" time="0.032">
    <system-out><![CDATA[Empty test
]]></system-out>
  </testcase>
  <testcase name="disabledTest on disabledTest(com.test.FirstTest)" classname="com.test.FirstTest" time="0">
    <skipped/>
  </testcase>
  <testcase name="trueTest on trueTest(com.test.FirstTest)" classname="com.test.FirstTest" time="0"/>
</testsuite>