<?xml version="1.0" encoding="UTF-8"?>
<!-- Generated by org.testng.reporters.JUnitReportReporter -->
<testsuite hostname="MHYD68B8E0D5" failures="0" tests="4" name="com.test.FirstTest" time="0.104" errors="0" timestamp="2023-05-29T14:17:10 IST" skipped="2">
  <testcase classname="com.test.FirstTest" name="disabledTest" time="0.000">
    <skipped/>
  </testcase> <!-- disabledTest -->
  <testcase classname="com.test.FirstTest" name="trueTest" time="0.063"/>
  <testcase classname="com.test.FirstTest" name="falseTest" time="0.000">
    <skipped/>
  </testcase> <!-- falseTest -->
  <testcase classname="com.test.FirstTest" name="emptyTest" time="0.041"/>
</testsuite> <!-- com.test.FirstTest -->
